[    0.000000] Linux version 4.15.0-169-generic (buildd@lcy02-amd64-015) (gcc version 7.5.0 (Ubuntu 7.5.0-3ubuntu1~18.04)) #177-Ubuntu SMP Thu Feb 3 10:50:38 UTC 2022 (Ubuntu 4.15.0-169.177-generic 4.15.18)
[    0.000000] Command line: BOOT_IMAGE=/boot/vmlinuz-4.15.0-169-generic root=UUID=f3f5e288-43e3-4799-851d-c2d1f4b7ec64 ro console=tty1 console=ttyS0
[    0.000000] KERNEL supported cpus:
[    0.000000]   Intel GenuineIntel
[    0.000000]   AMD AuthenticAMD
[    0.000000]   Centaur CentaurHauls
[    0.000000] x86/fpu: Supporting XSAVE feature 0x001: 'x87 floating point registers'
[    0.000000] x86/fpu: Supporting XSAVE feature 0x002: 'SSE registers'
[    0.000000] x86/fpu: Supporting XSAVE feature 0x004: 'AVX registers'
[    0.000000] x86/fpu: xstate_offset[2]:  576, xstate_sizes[2]:  256
[    0.000000] x86/fpu: Enabled xstate features 0x7, context size is 832 bytes, using 'standard' format.
[    0.000000] e820: BIOS-provided physical RAM map:
[    0.000000] BIOS-e820: [mem 0x0000000000000000-0x000000000009fbff] usable
[    0.000000] BIOS-e820: [mem 0x000000000009fc00-0x000000000009ffff] reserved
[    0.000000] BIOS-e820: [mem 0x00000000000f0000-0x00000000000fffff] reserved
[    0.000000] BIOS-e820: [mem 0x0000000000100000-0x000000007ffeffff] usable
[    0.000000] BIOS-e820: [mem 0x000000007fff0000-0x000000007fffffff] ACPI data
[    0.000000] BIOS-e820: [mem 0x00000000fec00000-0x00000000fec00fff] reserved
[    0.000000] BIOS-e820: [mem 0x00000000fee00000-0x00000000fee00fff] reserved
[    0.000000] BIOS-e820: [mem 0x00000000fffc0000-0x00000000ffffffff] reserved
[    0.000000] NX (Execute Disable) protection: active
[    0.000000] SMBIOS 2.5 present.
[    0.000000] DMI: innotek GmbH VirtualBox/VirtualBox, BIOS VirtualBox 12/01/2006
[    0.000000] Hypervisor detected: KVM
[    0.000000] e820: last_pfn = 0x7fff0 max_arch_pfn = 0x400000000
[    0.000000] MTRR: Disabled
[    0.000000] x86/PAT: MTRRs disabled, skipping PAT initialization too.
[    0.000000] CPU MTRRs all blank - virtualized system.
[    0.000000] x86/PAT: Configuration [0-7]: WB  WT  UC- UC  WB  WT  UC- UC  
[    0.000000] found SMP MP-table at [mem 0x0009fff0-0x0009ffff]
[    0.000000] Scanning 1 areas for low memory corruption
[    0.000000] RAMDISK: [mem 0x3581b000-0x36c04fff]
[    0.000000] ACPI: Early table checksum verification disabled
[    0.000000] ACPI: RSDP 0x00000000000E0000 000024 (v02 VBOX  )
[    0.000000] ACPI: XSDT 0x000000007FFF0030 00003C (v01 VBOX   VBOXXSDT 00000001 ASL  00000061)
[    0.000000] ACPI: FACP 0x000000007FFF00F0 0000F4 (v04 VBOX   VBOXFACP 00000001 ASL  00000061)
[    0.000000] ACPI: DSDT 0x000000007FFF0470 002325 (v02 VBOX   VBOXBIOS 00000002 INTL 20181213)
[    0.000000] ACPI: FACS 0x000000007FFF0200 000040
[    0.000000] ACPI: FACS 0x000000007FFF0200 000040
[    0.000000] ACPI: APIC 0x000000007FFF0240 00005C (v02 VBOX   VBOXAPIC 00000001 ASL  00000061)
[    0.000000] ACPI: SSDT 0x000000007FFF02A0 0001CC (v01 VBOX   VBOXCPUT 00000002 INTL 20181213)
[    0.000000] ACPI: Reserving FACP table memory at [mem 0x7fff00f0-0x7fff01e3]
[    0.000000] ACPI: Reserving DSDT table memory at [mem 0x7fff0470-0x7fff2794]
[    0.000000] ACPI: Reserving FACS table memory at [mem 0x7fff0200-0x7fff023f]
[    0.000000] ACPI: Reserving FACS table memory at [mem 0x7fff0200-0x7fff023f]
[    0.000000] ACPI: Reserving APIC table memory at [mem 0x7fff0240-0x7fff029b]
[    0.000000] ACPI: Reserving SSDT table memory at [mem 0x7fff02a0-0x7fff046b]
[    0.000000] No NUMA configuration found
[    0.000000] Faking a node at [mem 0x0000000000000000-0x000000007ffeffff]
[    0.000000] NODE_DATA(0) allocated [mem 0x7ffc5000-0x7ffeffff]
[    0.000000] kvm-clock: cpu 0, msr 0:7ff44001, primary cpu clock
[    0.000000] kvm-clock: Using msrs 4b564d01 and 4b564d00
[    0.000000] kvm-clock: using sched offset of 4122400984 cycles
[    0.000000] clocksource: kvm-clock: mask: 0xffffffffffffffff max_cycles: 0x1cd42e4dffb, max_idle_ns: 881590591483 ns
[    0.000000] Zone ranges:
[    0.000000]   DMA      [mem 0x0000000000001000-0x0000000000ffffff]
[    0.000000]   DMA32    [mem 0x0000000001000000-0x000000007ffeffff]
[    0.000000]   Normal   empty
[    0.000000]   Device   empty
[    0.000000] Movable zone start for each node
[    0.000000] Early memory node ranges
[    0.000000]   node   0: [mem 0x0000000000001000-0x000000000009efff]
[    0.000000]   node   0: [mem 0x0000000000100000-0x000000007ffeffff]
[    0.000000] Reserved but unavailable: 104 pages
[    0.000000] Initmem setup node 0 [mem 0x0000000000001000-0x000000007ffeffff]
[    0.000000] ACPI: PM-Timer IO Port: 0x4008
[    0.000000] IOAPIC[0]: apic_id 2, version 32, address 0xfec00000, GSI 0-23
[    0.000000] ACPI: INT_SRC_OVR (bus 0 bus_irq 0 global_irq 2 dfl dfl)
[    0.000000] ACPI: INT_SRC_OVR (bus 0 bus_irq 9 global_irq 9 low level)
[    0.000000] Using ACPI (MADT) for SMP configuration information
[    0.000000] smpboot: Allowing 2 CPUs, 0 hotplug CPUs
[    0.000000] PM: Registered nosave memory: [mem 0x00000000-0x00000fff]
[    0.000000] PM: Registered nosave memory: [mem 0x0009f000-0x0009ffff]
[    0.000000] PM: Registered nosave memory: [mem 0x000a0000-0x000effff]
[    0.000000] PM: Registered nosave memory: [mem 0x000f0000-0x000fffff]
[    0.000000] e820: [mem 0x80000000-0xfebfffff] available for PCI devices
[    0.000000] Booting paravirtualized kernel on KVM
[    0.000000] clocksource: refined-jiffies: mask: 0xffffffff max_cycles: 0xffffffff, max_idle_ns: 7645519600211568 ns
[    0.000000] random: get_random_bytes called from start_kernel+0x99/0x500 with crng_init=0
[    0.000000] setup_percpu: NR_CPUS:8192 nr_cpumask_bits:2 nr_cpu_ids:2 nr_node_ids:1
[    0.000000] percpu: Embedded 50 pages/cpu s167936 r8192 d28672 u1048576
[    0.000000] PV qspinlock hash table entries: 256 (order: 0, 4096 bytes)
[    0.000000] Built 1 zonelists, mobility grouping on.  Total pages: 515961
[    0.000000] Policy zone: DMA32
[    0.000000] Kernel command line: BOOT_IMAGE=/boot/vmlinuz-4.15.0-169-generic root=UUID=f3f5e288-43e3-4799-851d-c2d1f4b7ec64 ro console=tty1 console=ttyS0
[    0.000000] Memory: 2013968K/2096696K available (12300K kernel code, 2483K rwdata, 4324K rodata, 2476K init, 2724K bss, 82728K reserved, 0K cma-reserved)
[    0.000000] SLUB: HWalign=64, Order=0-3, MinObjects=0, CPUs=2, Nodes=1
[    0.000000] Kernel/User page tables isolation: enabled
[    0.000000] ftrace: allocating 39500 entries in 155 pages
[    0.004000] Hierarchical RCU implementation.
[    0.004000] 	RCU restricting CPUs from NR_CPUS=8192 to nr_cpu_ids=2.
[    0.004000] 	Tasks RCU enabled.
[    0.004000] RCU: Adjusting geometry for rcu_fanout_leaf=16, nr_cpu_ids=2
[    0.004000] NR_IRQS: 524544, nr_irqs: 440, preallocated irqs: 16
[    0.004000] Console: colour VGA+ 80x25
[    0.004000] console [tty1] enabled
[    0.004000] console [ttyS0] enabled
[    0.004000] ACPI: Core revision 20170831
[    0.004000] ACPI: 2 ACPI AML tables successfully acquired and loaded
[    0.004000] APIC: Switch to symmetric I/O mode setup
[    0.004000] x2apic enabled
[    0.004000] Switched APIC routing to physical x2apic.
[    0.004000] ..TIMER: vector=0x30 apic1=0 pin1=2 apic2=-1 pin2=-1
[    0.004005] tsc: Detected 1991.989 MHz processor
[    0.004957] Calibrating delay loop (skipped) preset value.. 3983.97 BogoMIPS (lpj=7967956)
[    0.008003] pid_max: default: 32768 minimum: 301
[    0.008986] Security Framework initialized
[    0.009837] Yama: becoming mindful.
[    0.010644] AppArmor: AppArmor initialized
[    0.013049] Dentry cache hash table entries: 262144 (order: 9, 2097152 bytes)
[    0.015337] Inode-cache hash table entries: 131072 (order: 8, 1048576 bytes)
[    0.016028] Mount-cache hash table entries: 4096 (order: 3, 32768 bytes)
[    0.017333] Mountpoint-cache hash table entries: 4096 (order: 3, 32768 bytes)
[    0.019174] Last level iTLB entries: 4KB 64, 2MB 8, 4MB 8
[    0.020005] Last level dTLB entries: 4KB 64, 2MB 0, 4MB 0, 1GB 4
[    0.021192] Spectre V1 : Mitigation: usercopy/swapgs barriers and __user pointer sanitization
[    0.024000] Spectre V2 : Mitigation: Full generic retpoline
[    0.024002] Spectre V2 : Spectre v2 / SpectreRSB mitigation: Filling RSB on context switch
[    0.028004] Speculative Store Bypass: Vulnerable
[    0.029021] SRBDS: Unknown: Dependent on hypervisor status
[    0.030130] MDS: Vulnerable: Clear CPU buffers attempted, no microcode
[    0.032216] Freeing SMP alternatives memory: 36K
[    0.144820] smpboot: CPU0: Intel(R) Core(TM) i3-6006U CPU @ 2.00GHz (family: 0x6, model: 0x4e, stepping: 0x3)
[    0.147018] Performance Events: unsupported p6 CPU model 78 no PMU driver, software events only.
[    0.148000] Hierarchical SRCU implementation.
[    0.148834] NMI watchdog: Perf event create on CPU 0 failed with -2
[    0.151557] NMI watchdog: Perf NMI watchdog permanently disabled
[    0.152083] smp: Bringing up secondary CPUs ...
[    0.153125] x86: Booting SMP configuration:
[    0.156003] .... node  #0, CPUs:      #1
[    0.004000] kvm-clock: cpu 1, msr 0:7ff44041, secondary cpu clock
[    0.160028] smp: Brought up 1 node, 2 CPUs
[    0.160879] smpboot: Max logical packages: 1
[    0.161772] smpboot: Total of 2 processors activated (7967.95 BogoMIPS)
[    0.164187] devtmpfs: initialized
[    0.164813] x86/mm: Memory block size: 128MB
[    0.165973] evm: security.selinux
[    0.166696] evm: security.SMACK64
[    0.168004] evm: security.SMACK64EXEC
[    0.168989] evm: security.SMACK64TRANSMUTE
[    0.169870] evm: security.SMACK64MMAP
[    0.170783] evm: security.apparmor
[    0.171623] evm: security.ima
[    0.172005] evm: security.capability
[    0.172829] clocksource: jiffies: mask: 0xffffffff max_cycles: 0xffffffff, max_idle_ns: 7645041785100000 ns
[    0.173945] futex hash table entries: 512 (order: 3, 32768 bytes)
[    0.176061] pinctrl core: initialized pinctrl subsystem
[    0.177261] RTC time: 22:50:38, date: 03/04/22
[    0.178363] NET: Registered protocol family 16
[    0.179383] audit: initializing netlink subsys (disabled)
[    0.180039] audit: type=2000 audit(1646434244.246:1): state=initialized audit_enabled=0 res=1
[    0.181809] cpuidle: using governor ladder
[    0.182091] cpuidle: using governor menu
[    0.184082] ACPI: bus type PCI registered
[    0.184947] acpiphp: ACPI Hot Plug PCI Controller Driver version: 0.5
[    0.188137] PCI: Using configuration type 1 for base access
[    0.192068] HugeTLB registered 2.00 MiB page size, pre-allocated 0 pages
[    0.193446] ACPI: Added _OSI(Module Device)
[    0.193446] ACPI: Added _OSI(Processor Device)
[    0.193896] ACPI: Added _OSI(3.0 _SCP Extensions)
[    0.196005] ACPI: Added _OSI(Processor Aggregator Device)
[    0.197113] ACPI: Added _OSI(Linux-Dell-Video)
[    0.198026] ACPI: Added _OSI(Linux-Lenovo-NV-HDMI-Audio)
[    0.199124] ACPI: Added _OSI(Linux-HPI-Hybrid-Graphics)
[    0.200391] ACPI: Executed 1 blocks of module-level executable AML code
[    0.207212] ACPI: Interpreter enabled
[    0.208021] ACPI: (supports S0 S5)
[    0.208761] ACPI: Using IOAPIC for interrupt routing
[    0.210110] PCI: Using host bridge windows from ACPI; if necessary, use "pci=nocrs" and report a bug
[    0.212164] ACPI: Enabled 2 GPEs in block 00 to 07
[    0.221171] ACPI: PCI Root Bridge [PCI0] (domain 0000 [bus 00-ff])
[    0.222493] acpi PNP0A03:00: _OSC: OS supports [ASPM ClockPM Segments MSI]
[    0.224493] acpi PNP0A03:00: _OSC: not requesting OS control; OS requires [ExtendedConfig ASPM ClockPM MSI]
[    0.226446] acpi PNP0A03:00: fail to add MMCONFIG information, can't access extended PCI configuration space under this bridge.
[    0.228573] PCI host bridge to bus 0000:00
[    0.229743] pci_bus 0000:00: root bus resource [io  0x0000-0x0cf7 window]
[    0.232010] pci_bus 0000:00: root bus resource [io  0x0d00-0xffff window]
[    0.233853] pci_bus 0000:00: root bus resource [mem 0x000a0000-0x000bffff window]
[    0.236011] pci_bus 0000:00: root bus resource [mem 0x80000000-0xfdffffff window]
[    0.237619] pci_bus 0000:00: root bus resource [bus 00-ff]
[    0.242290] pci 0000:00:01.1: legacy IDE quirk: reg 0x10: [io  0x01f0-0x01f7]
[    0.244009] pci 0000:00:01.1: legacy IDE quirk: reg 0x14: [io  0x03f6]
[    0.245342] pci 0000:00:01.1: legacy IDE quirk: reg 0x18: [io  0x0170-0x0177]
[    0.246786] pci 0000:00:01.1: legacy IDE quirk: reg 0x1c: [io  0x0376]
[    0.289906] pci 0000:00:07.0: quirk: [io  0x4000-0x403f] claimed by PIIX4 ACPI
[    0.291818] pci 0000:00:07.0: quirk: [io  0x4100-0x410f] claimed by PIIX4 SMB
[    0.317724] ACPI: PCI Interrupt Link [LNKA] (IRQs 5 9 10 *11)
[    0.319509] ACPI: PCI Interrupt Link [LNKB] (IRQs 5 9 *10 11)
[    0.320262] ACPI: PCI Interrupt Link [LNKC] (IRQs 5 *9 10 11)
[    0.322042] ACPI: PCI Interrupt Link [LNKD] (IRQs 5 9 10 *11)
[    0.324698] SCSI subsystem initialized
[    0.325782] pci 0000:00:02.0: vgaarb: setting as boot VGA device
[    0.327219] pci 0000:00:02.0: vgaarb: VGA device added: decodes=io+mem,owns=io+mem,locks=none
[    0.328023] pci 0000:00:02.0: vgaarb: bridge control possible
[    0.329511] vgaarb: loaded
[    0.330390] ACPI: bus type USB registered
[    0.332042] usbcore: registered new interface driver usbfs
[    0.333555] usbcore: registered new interface driver hub
[    0.334942] usbcore: registered new device driver usb
[    0.336104] EDAC MC: Ver: 3.0.0
[    0.337258] PCI: Using ACPI for IRQ routing
[    0.337607] NetLabel: Initializing
[    0.340007] NetLabel:  domain hash size = 128
[    0.341219] NetLabel:  protocols = UNLABELED CIPSOv4 CALIPSO
[    0.342784] NetLabel:  unlabeled traffic allowed by default
[    0.344113] clocksource: Switched to clocksource kvm-clock
[    0.361894] VFS: Disk quotas dquot_6.6.0
[    0.362922] VFS: Dquot-cache hash table entries: 512 (order 0, 4096 bytes)
[    0.364918] AppArmor: AppArmor Filesystem Enabled
[    0.366285] pnp: PnP ACPI init
[    0.368268] pnp: PnP ACPI: found 3 devices
[    0.379896] clocksource: acpi_pm: mask: 0xffffff max_cycles: 0xffffff, max_idle_ns: 2085701024 ns
[    0.382001] NET: Registered protocol family 2
[    0.382991] IP idents hash table entries: 32768 (order: 6, 262144 bytes)
[    0.384774] TCP established hash table entries: 16384 (order: 5, 131072 bytes)
[    0.386299] TCP bind hash table entries: 16384 (order: 6, 262144 bytes)
[    0.388467] TCP: Hash tables configured (established 16384 bind 16384)
[    0.389840] UDP hash table entries: 1024 (order: 3, 32768 bytes)
[    0.391036] UDP-Lite hash table entries: 1024 (order: 3, 32768 bytes)
[    0.392342] NET: Registered protocol family 1
[    0.393330] pci 0000:00:00.0: Limiting direct PCI/PCI transfers
[    0.394569] pci 0000:00:01.0: Activating ISA DMA hang workarounds
[    0.395816] pci 0000:00:02.0: Video device with shadowed ROM at [mem 0x000c0000-0x000dffff]
[    0.397664] Unpacking initramfs...
[    0.817740] Freeing initrd memory: 20392K
[    0.818857] clocksource: tsc: mask: 0xffffffffffffffff max_cycles: 0x396d3d775ea, max_idle_ns: 881590794166 ns
[    0.821158] platform rtc_cmos: registered platform RTC device (no PNP device found)
[    0.822811] Scanning for low memory corruption every 60 seconds
[    0.824740] Initialise system trusted keyrings
[    0.825693] Key type blacklist registered
[    0.826616] workingset: timestamp_bits=36 max_order=19 bucket_order=0
[    0.829180] zbud: loaded
[    0.830457] squashfs: version 4.0 (2009/01/31) Phillip Lougher
[    0.831852] fuse init (API version 7.26)
[    0.835017] Key type asymmetric registered
[    0.836078] Asymmetric key parser 'x509' registered
[    0.837152] Block layer SCSI generic (bsg) driver version 0.4 loaded (major 246)
[    0.839498] io scheduler noop registered
[    0.840381] io scheduler deadline registered
[    0.841322] io scheduler cfq registered (default)
[    0.842648] ACPI: AC Adapter [AC] (on-line)
[    0.843580] input: Power Button as /devices/LNXSYSTM:00/LNXPWRBN:00/input/input0
[    0.845169] ACPI: Power Button [PWRF]
[    0.846040] input: Sleep Button as /devices/LNXSYSTM:00/LNXSLPBN:00/input/input1
[    0.847534] ACPI: Sleep Button [SLPF]
[    0.849610] ACPI: Battery Slot [BAT0] (battery present)
[    0.850964] Serial: 8250/16550 driver, 32 ports, IRQ sharing enabled
[    0.873326] 00:02: ttyS0 at I/O 0x3f8 (irq = 4, base_baud = 115200) is a 16550A
[    0.878798] Linux agpgart interface v0.103
[    0.881731] loop: module loaded
[    0.883338] scsi host0: ata_piix
[    0.884323] scsi host1: ata_piix
[    0.885078] ata1: PATA max UDMA/33 cmd 0x1f0 ctl 0x3f6 bmdma 0xd000 irq 14
[    0.886499] ata2: PATA max UDMA/33 cmd 0x170 ctl 0x376 bmdma 0xd008 irq 15
[    0.887994] libphy: Fixed MDIO Bus: probed
[    0.889044] tun: Universal TUN/TAP device driver, 1.6
[    0.890186] PPP generic driver version 2.4.2
[    0.891178] ehci_hcd: USB 2.0 'Enhanced' Host Controller (EHCI) Driver
[    0.892509] ehci-pci: EHCI PCI platform driver
[    0.893443] ehci-platform: EHCI generic platform driver
[    0.894515] ohci_hcd: USB 1.1 'Open' Host Controller (OHCI) Driver
[    0.895725] ohci-pci: OHCI PCI platform driver
[    0.896684] ohci-platform: OHCI generic platform driver
[    0.897756] uhci_hcd: USB Universal Host Controller Interface driver
[    0.899073] i8042: PNP: PS/2 Controller [PNP0303:PS2K,PNP0f03:PS2M] at 0x60,0x64 irq 1,12
[    0.901556] serio: i8042 KBD port at 0x60,0x64 irq 1
[    0.902644] serio: i8042 AUX port at 0x60,0x64 irq 12
[    0.903895] mousedev: PS/2 mouse device common for all mice
[    0.905765] input: AT Translated Set 2 keyboard as /devices/platform/i8042/serio0/input/input2
[    0.907764] rtc_cmos rtc_cmos: rtc core: registered rtc_cmos as rtc0
[    0.909204] rtc_cmos rtc_cmos: alarms up to one day, 114 bytes nvram
[    0.910488] i2c /dev entries driver
[    0.911295] device-mapper: uevent: version 1.0.3
[    0.912382] device-mapper: ioctl: 4.37.0-ioctl (2017-09-20) initialised: dm-devel@redhat.com
[    0.914129] ledtrig-cpu: registered to indicate activity on CPUs
[    0.915722] NET: Registered protocol family 10
[    0.921578] Segment Routing with IPv6
[    0.922465] NET: Registered protocol family 17
[    0.923448] Key type dns_resolver registered
[    0.924636] mce: Using 0 MCE banks
[    0.925392] RAS: Correctable Errors collector initialized.
[    0.926529] sched_clock: Marking stable (924599547, 0)->(1131003112, -206403565)
[    0.928589] registered taskstats version 1
[    0.929464] Loading compiled-in X.509 certificates
[    0.933481] Loaded X.509 cert 'Build time autogenerated kernel key: 0a1d29121daa2b7d2f161393c6dada9f3b0868f3'
[    0.936656] Loaded X.509 cert 'Canonical Ltd. Live Patch Signing: 14df34d1a87cf37625abec039ef2bf521249b969'
[    0.939712] Loaded X.509 cert 'Canonical Ltd. Kernel Module Signing: 88f752e560a1e0737e31163a466ad7b70a850c19'
[    0.942047] blacklist: Loading compiled-in revocation X.509 certificates
[    0.943614] Loaded X.509 cert 'Canonical Ltd. Secure Boot Signing: 61482aa2830d0ab2ad5af10b7250da9033ddcef0'
[    0.945935] zswap: loaded using pool lzo/zbud
[    0.951782] Key type big_key registered
[    0.952806] Key type trusted registered
[    0.955908] Key type encrypted registered
[    0.956918] AppArmor: AppArmor sha1 policy hashing enabled
[    0.958235] ima: No TPM chip found, activating TPM-bypass! (rc=-19)
[    0.959676] ima: Allocated hash algorithm: sha1
[    0.960811] evm: HMAC attrs: 0x1
[    0.961913]   Magic number: 14:403:855
[    0.962832]   hash matches /build/linux-JspD3Z/linux-4.15.0/drivers/base/power/main.c:1401
[    0.964882] rtc_cmos rtc_cmos: setting system clock to 2022-03-04 22:50:39 UTC (1646434239)
[    0.967085] BIOS EDD facility v0.16 2004-Jun-25, 0 devices found
[    0.968823] EDD information not available.
[    1.077267] Freeing unused kernel image memory: 2476K
[    1.166700] Write protecting the kernel read-only data: 20480k
[    1.171464] Freeing unused kernel image memory: 2008K
[    1.174773] Freeing unused kernel image memory: 1820K
[    1.194177] x86/mm: Checked W+X mappings: passed, no W+X pages found.
[    1.196904] x86/mm: Checking user space page tables
[    1.208090] x86/mm: Checked W+X mappings: passed, no W+X pages found.
Loading, please wait...
starting version 237
[    1.316932] Fusion MPT base driver 3.04.20
[    1.317985] Copyright (c) 1999-2008 LSI Corporation
[    1.329512] e1000: Intel(R) PRO/1000 Network Driver - version 7.3.21-k8-NAPI
[    1.331078] e1000: Copyright (c) 1999-2006 Intel Corporation.
[    1.341441] AVX2 version of gcm_enc/dec engaged.
[    1.342573] AES CTR mode by8 optimization enabled
[    1.361011] Fusion MPT SPI Host driver 3.04.20
[    1.552110] input: ImExPS/2 Generic Explorer Mouse as /devices/platform/i8042/serio1/input/input4
[    1.856058] e1000 0000:00:03.0 eth0: (PCI:33MHz:32-bit) 02:8d:1f:db:13:bf
[    1.859263] e1000 0000:00:03.0 eth0: Intel(R) PRO/1000 Network Connection
[    1.864398] mptbase: ioc0: Initiating bringup
[    3.832852] ioc0: LSI53C1030 A0: Capabilities={Initiator}
[    7.827616] scsi host2: ioc0: LSI53C1030 A0, FwRev=00000000h, Ports=1, MaxQ=256, IRQ=20
[   10.674331] scsi 2:0:0:0: Direct-Access     VBOX     HARDDISK         1.0  PQ: 0 ANSI: 5
[   10.712593] scsi target2:0:0: Beginning Domain Validation
[   10.770290] scsi target2:0:0: Domain Validation skipping write tests
[   10.771787] scsi target2:0:0: Ending Domain Validation
[   10.773223] scsi target2:0:0: asynchronous
[   10.788286] scsi 2:0:1:0: Direct-Access     VBOX     HARDDISK         1.0  PQ: 0 ANSI: 5
[   11.032202] scsi target2:0:1: Beginning Domain Validation
[   11.034319] random: fast init done
[   11.035315] scsi target2:0:1: Domain Validation skipping write tests
[   11.036617] scsi target2:0:1: Ending Domain Validation
[   11.038608] scsi target2:0:1: asynchronous
[   11.044091] random: systemd-udevd: uninitialized urandom read (16 bytes read)
[   11.046100] sd 2:0:0:0: Attached scsi generic sg0 type 0
[   11.046137] random: systemd-udevd: uninitialized urandom read (16 bytes read)
[   11.048935] random: systemd-udevd: uninitialized urandom read (16 bytes read)
[   11.050795] sd 2:0:1:0: Attached scsi generic sg1 type 0
[   11.052531] sd 2:0:0:0: [sda] 83886080 512-byte logical blocks: (42.9 GB/40.0 GiB)
[   11.055147] sd 2:0:0:0: [sda] Write Protect is off
[   11.056680] sd 2:0:1:0: [sdb] 20480 512-byte logical blocks: (10.5 MB/10.0 MiB)
[   11.058754] sd 2:0:0:0: [sda] Incomplete mode parameter data
[   11.060105] sd 2:0:0:0: [sda] Assuming drive cache: write through
[   11.061564] sd 2:0:1:0: [sdb] Write Protect is off
[   11.062871] sd 2:0:1:0: [sdb] Incomplete mode parameter data
[   11.064217] sd 2:0:1:0: [sdb] Assuming drive cache: write through
[   11.065704] e1000 0000:00:08.0 eth1: (PCI:33MHz:32-bit) 08:00:27:aa:36:51
[   11.065711] e1000 0000:00:08.0 eth1: Intel(R) PRO/1000 Network Connection
[   11.070991] e1000 0000:00:08.0 enp0s8: renamed from eth1
[   11.096853] e1000 0000:00:03.0 enp0s3: renamed from eth0
[   11.123078]  sda: sda1
[   11.124624] sd 2:0:0:0: [sda] Attached SCSI disk
[   11.152440] sd 2:0:1:0: [sdb] Attached SCSI disk
Begin: Loading essential drivers ... [   12.792037] raid6: sse2x1   gen()  6889 MB/s
[   12.840104] raid6: sse2x1   xor()  3990 MB/s
[   12.888049] raid6: sse2x2   gen()  6487 MB/s
[   12.936057] raid6: sse2x2   xor()  5664 MB/s
[   12.984089] raid6: sse2x4   gen()  8924 MB/s
[   13.032031] raid6: sse2x4   xor()  5967 MB/s
[   13.080037] raid6: avx2x1   gen() 13860 MB/s
[   13.128058] raid6: avx2x1   xor()  9628 MB/s
[   13.176065] raid6: avx2x2   gen() 16568 MB/s
[   13.224036] raid6: avx2x2   xor() 10544 MB/s
[   13.272022] raid6: avx2x4   gen() 18034 MB/s
[   13.320053] raid6: avx2x4   xor() 11568 MB/s
[   13.321099] raid6: using algorithm avx2x4 gen() 18034 MB/s
[   13.322374] raid6: .... xor() 11568 MB/s, rmw enabled
[   13.323554] raid6: using avx2x2 recovery algorithm
[   13.326840] xor: automatically using best checksumming function   avx       
[   13.330309] async_tx: api initialized (async)
done.
Begin: Running /scripts/init-premount ... done.
Begin: Mounting root file system ... Begin: Running /scripts/local-top ... done.
Begin: Running /scripts/local-premount ... [   13.399128] Btrfs loaded, crc32c=crc32c-intel
Scanning for Btrfs filesystems
done.
Begin: Will now check root file system ... fsck from util-linux 2.31.1
[/sbin/fsck.ext4 (1) -- /dev/sda1] fsck.ext4 -a -C0 /dev/sda1 
cloudimg-rootfs: recovering journal
cloudimg-rootfs: Clearing orphaned inode 2061288 (uid=0, gid=0, mode=0100000, size=0)
cloudimg-rootfs: Clearing orphaned inode 2061283 (uid=0, gid=0, mode=0100000, size=0)
cloudimg-rootfs: Clearing orphaned inode 2571925 (uid=1000, gid=1000, mode=0100600, size=4096)
cloudimg-rootfs: Clearing orphaned inode 2571924 (uid=1000, gid=1000, mode=0100644, size=134218)
cloudimg-rootfs: Clearing orphaned inode 2061274 (uid=0, gid=0, mode=0100001, size=0)
cloudimg-rootfs: Clearing orphaned inode 2061215 (uid=0, gid=0, mode=0100000, size=0)
cloudimg-rootfs: Clearing orphaned inode 2061209 (uid=0, gid=0, mode=0100000, size=0)
cloudimg-rootfs: Clearing orphaned inode 2061205 (uid=0, gid=0, mode=0100000, size=0)
cloudimg-rootfs: Clearing orphaned inode 514275 (uid=112, gid=117, mode=0100644, size=116970)
cloudimg-rootfs: clean, 265875/5120000 files, 2307166/10485499 blocks
done.
[   13.899483] EXT4-fs (sda1): mounted filesystem with ordered data mode. Opts: (null)
done.
Begin: Running /scripts/local-bottom ... done.
Begin: Running /scripts/init-bottom ... done.
[   15.239024] random: crng init done
[   15.241445] random: 7 urandom warning(s) missed due to ratelimiting
[   15.334297] ip_tables: (C) 2000-2006 Netfilter Core Team
[   15.426329] systemd[1]: systemd 237 running in system mode. (+PAM +AUDIT +SELINUX +IMA +APPARMOR +SMACK +SYSVINIT +UTMP +LIBCRYPTSETUP +GCRYPT +GNUTLS +ACL +XZ +LZ4 +SECCOMP +BLKID +ELFUTILS +KMOD -IDN2 +IDN -PCRE2 default-hierarchy=hybrid)
[   15.437384] systemd[1]: Detected virtualization oracle.
[   15.440092] systemd[1]: Detected architecture x86-64.

Welcome to [1mUbuntu 18.04.6 LTS[0m!

[   15.490641] systemd[1]: Set hostname to <ubuntu-bionic>.
[   17.546621] systemd[1]: Created slice System Slice.
[[0;32m  OK  [0m] Created slice System Slice.
[   17.550489] systemd[1]: Listening on Device-mapper event daemon FIFOs.
[[0;32m  OK  [0m] Listening on Device-mapper event daemon FIFOs.
[   17.554116] systemd[1]: Listening on /dev/initctl Compatibility Named Pipe.
[[0;32m  OK  [0m] Listening on /dev/initctl Compatibility Named Pipe.
[   17.557239] systemd[1]: Listening on LVM2 metadata daemon socket.
[[0;32m  OK  [0m] Listening on LVM2 metadata daemon socket.
[   17.559813] systemd[1]: Created slice User and Session Slice.
[[0;32m  OK  [0m] Created slice User and Session Slice.
[   17.572470] systemd[1]: Listening on Journal Audit Socket.
[[0;32m  OK  [0m] Listening on Journal Audit Socket.
[[0;32m  OK  [0m] Created slice system-serial\x2dgetty.slice.
[[0;32m  OK  [0m] Listening on LVM2 poll daemon socket.
[[0;32m  OK  [0m] Set up automount Arbitrary Executab…rmats File System Automount Point.
[[0;32m  OK  [0m] Reached target System Time Synchronized.
[[0;32m  OK  [0m] Listening on udev Control Socket.
[[0;32m  OK  [0m] Reached target Swap.
[[0;32m  OK  [0m] Listening on Journal Socket.
         Starting Uncomplicated firewall...
         Mounting POSIX Message Queue File System...
         Starting Monitoring of LVM2 mirrors…ng dmeventd or progress polling...
         Starting Load Kernel Modules...
         Starting Set the console keyboard layout...
         Mounting Huge Pages File System...
         Starting Create list of required st…ce nodes for the current kernel...
         Mounting Kernel Debug File System...
[[0;32m  OK  [0m] Reached target User and Group Name Lookups.
[[0;32m  OK  [0m] Listening on fsck to fsckd communication Socket.
         Starting Remount Root and Kernel File Systems...
[[0;32m  OK  [0m] Started Forward Password Requests to Wall Directory Watch.
[[0;32m  OK  [0m] Listening on Syslog Socket.
[[0;32m  OK  [0m] Listening on Journal Socket (/dev/log).
         Starting Journal Service...
[[0;32m  OK  [0m] Listening on Network Service Netlink Socket.
[[0;32m  OK  [0m] Listening on udev Kernel Socket.
         Starting udev Coldplug all Devices...
[[0;32m  OK  [0m] Reached target Slices.
[[0;32m  OK  [0m] Started Uncomplicated firewall.
[[0;32m  OK  [0m] Mounted POSIX Message Queue File System.
[[0;32m  OK  [0m] Mounted Huge Pages File System.
[[0;32m  OK  [0m] Mounted Kernel Debug File System.
[[0;32m  OK  [0m] Started LVM2 metadata daemon.
[[0;32m  OK  [0m] Started udev Coldplug all Devices.
[   17.893115] Loading iSCSI transport class v2.0-870.
[   17.920267] iscsi: registered transport (tcp)
[[0;32m  OK  [0m] Started Create list of required sta…vice nodes for the current kernel.
         Starting Create Static Device Nodes in /dev...
[[0;32m  OK  [0m] Started Journal Service.
[   18.137057] iscsi: registered transport (iser)
[[0;32m  OK  [0m] Started Load Kernel Modules.
         Mounting FUSE Control File System...
         Mounting Kernel Configuration File System...
         Starting Apply Kernel Variables...
[[0;32m  OK  [0m] Mounted FUSE Control File System.
[[0;32m  OK  [0m] Mounted Kernel Configuration File System.
[   18.193502] EXT4-fs (sda1): re-mounted. Opts: (null)
[[0;32m  OK  [0m] Started Remount Root and Kernel File Systems.
         Starting Flush Journal to Persistent Storage...
         Starting Load/Save Random Seed...
[[0;32m  OK  [0m] Started Set the console keyboard layout.
[[0;32m  OK  [0m] Started Load/Save Random Seed.
[   18.520917] systemd-journald[417]: Received request to flush runtime journal from PID 1
[[0;32m  OK  [0m] Started Monitoring of LVM2 mirrors,…sing dmeventd or progress polling.
[[0;32m  OK  [0m] Started Apply Kernel Variables.
[[0;32m  OK  [0m] Started Create Static Device Nodes in /dev.
[[0;32m  OK  [0m] Reached target Local File Systems (Pre).
[[0;32m  OK  [0m] Reached target Local File Systems.
         Starting Tell Plymouth To Write Out Runtime Data...
         Starting AppArmor initialization...
         Starting Set console font and keymap...
         Starting ebtables ruleset management...
         Mounting /vagrant...
         Mounting /configs...
         Starting udev Kernel Device Manager...
[[0;32m  OK  [0m] Started Flush Journal to Persistent Storage.
[[0;32m  OK  [0m] Started Tell Plymouth To Write Out Runtime Data.
[[0;32m  OK  [0m] Started Set console font and keymap.
         Starting Create Volatile Files and Directories...
[[0;32m  OK  [0m] Mounted /vagrant.
[[0;32m  OK  [0m] Mounted /configs.
[[0;32m  OK  [0m] Started Create Volatile Files and Directories.
         Starting Update UTMP about System Boot/Shutdown...
[[0;32m  OK  [0m] Started udev Kernel Device Manager.
[[0;32m  OK  [0m] Started Dispatch Password Requests to Console Directory Watch.
[[0;32m  OK  [0m] Reached target Local Encrypted Volumes.
[[0;32m  OK  [0m] Started ebtables ruleset management.
[[0;32m  OK  [0m] Started Update UTMP about System Boot/Shutdown.
[[0;32m  OK  [0m] Found device /dev/ttyS0.
[[0;32m  OK  [0m] Listening on Load/Save RF Kill Switch Status /dev/rfkill Watch.
[[0;32m  OK  [0m] Started AppArmor initialization.
         Starting Load AppArmor profiles managed internally by snapd...
         Starting Initial cloud-init job (pre-networking)...
[[0;32m  OK  [0m] Started Load AppArmor profiles managed internally by snapd.
[   28.483540] cloud-init[567]: Cloud-init v. 21.4-0ubuntu1~18.04.1 running 'init-local' at Fri, 04 Mar 2022 22:51:06 +0000. Up 27.98 seconds.
[[0;32m  OK  [0m] Started Initial cloud-init job (pre-networking).
[[0;32m  OK  [0m] Reached target Network (Pre).
         Starting Network Service...
[[0;32m  OK  [0m] Started Network Service.
         Starting Network Name Resolution...
         Starting Wait for Network to be Configured...
[[0;32m  OK  [0m] Started Network Name Resolution.
[[0;32m  OK  [0m] Reached target Host and Network Name Lookups.
[[0;32m  OK  [0m] Reached target Network.
[[0;32m  OK  [0m] Started Wait for Network to be Configured.
         Starting Initial cloud-init job (metadata service crawler)...
[   31.456967] cloud-init[697]: Cloud-init v. 21.4-0ubuntu1~18.04.1 running 'init' at Fri, 04 Mar 2022 22:51:09 +0000. Up 31.24 seconds.
[   31.458559] cloud-init[697]: ci-info: ++++++++++++++++++++++++++++++++++++++Net device info+++++++++++++++++++++++++++++++++++++++
[   31.459992] cloud-init[697]: ci-info: +--------+------+-----------------------------+---------------+--------+-------------------+
[   31.461520] cloud-init[697]: ci-info: | Device |  Up  |           Address           |      Mask     | Scope  |     Hw-Address    |
[   31.462927] cloud-init[697]: ci-info: +--------+------+-----------------------------+---------------+--------+-------------------+
[   31.464420] cloud-init[697]: ci-info: | enp0s3 | True |          10.0.2.15          | 255.255.255.0 | global | 02:8d:1f:db:13:bf |
[   31.465974] cloud-init[697]: ci-info: | enp0s3 | True |  fe80::8d:1fff:fedb:13bf/64 |       .       |  link  | 02:8d:1f:db:13:bf |
[   31.467931] cloud-init[697]: ci-info: | enp0s8 | True |        172.16.11.100        | 255.255.255.0 | global | 08:00:27:aa:36:51 |
[   31.470307] cloud-init[697]: ci-info: | enp0s8 | True | fe80::a00:27ff:feaa:3651/64 |       .       |  link  | 08:00:27:aa:36:51 |
[   31.472105] cloud-init[697]: ci-info: |   lo   | True |          127.0.0.1          |   255.0.0.0   |  host  |         .         |
[   31.473752] cloud-init[697]: ci-info: |   lo   | True |           ::1/128           |       .       |  host  |         .         |
[   31.475230] cloud-init[697]: ci-info: +--------+------+-----------------------------+---------------+--------+-------------------+
[   31.476904] cloud-init[697]: ci-info: ++++++++++++++++++++++++++++Route IPv4 info+++++++++++++++++++++++++++++
[   31.478351] cloud-init[697]: ci-info: +-------+-------------+----------+-----------------+-----------+-------+
[   31.480214] cloud-init[697]: ci-info: | Route | Destination | Gateway  |     Genmask     | Interface | Flags |
[   31.482082] cloud-init[697]: ci-info: +-------+-------------+----------+-----------------+-----------+-------+
[   31.484167] cloud-init[697]: ci-info: |   0   |   0.0.0.0   | 10.0.2.2 |     0.0.0.0     |   enp0s3  |   UG  |
[   31.485491] cloud-init[697]: ci-info: |   1   |   10.0.2.0  | 0.0.0.0  |  255.255.255.0  |   enp0s3  |   U   |
[   31.486880] cloud-init[697]: ci-info: |   2   |   10.0.2.2  | 0.0.0.0  | 255.255.255.255 |   enp0s3  |   UH  |
[   31.488353] cloud-init[697]: ci-info: |   3   | 172.16.11.0 | 0.0.0.0  |  255.255.255.0  |   enp0s8  |   U   |
[   31.489881] cloud-init[697]: ci-info: +-------+-------------+----------+-----------------+-----------+-------+
[   31.491904] cloud-init[697]: ci-info: +++++++++++++++++++Route IPv6 info+++++++++++++++++++
[   31.493131] cloud-init[697]: ci-info: +-------+-------------+---------+-----------+-------+
[   31.494269] cloud-init[697]: ci-info: | Route | Destination | Gateway | Interface | Flags |
[   31.495349] cloud-init[697]: ci-info: +-------+-------------+---------+-----------+-------+
[   31.496473] cloud-init[697]: ci-info: |   1   |  fe80::/64  |    ::   |   enp0s8  |   U   |
[   31.497622] cloud-init[697]: ci-info: |   2   |  fe80::/64  |    ::   |   enp0s3  |   U   |
[   31.498783] cloud-init[697]: ci-info: |   4   |    local    |    ::   |   enp0s3  |   U   |
[   31.499896] cloud-init[697]: ci-info: |   5   |    local    |    ::   |   enp0s8  |   U   |
[   31.501218] cloud-init[697]: ci-info: |   6   |   ff00::/8  |    ::   |   enp0s8  |   U   |
[   31.502781] cloud-init[697]: ci-info: |   7   |   ff00::/8  |    ::   |   enp0s3  |   U   |
[   31.504161] cloud-init[697]: ci-info: +-------+-------------+---------+-----------+-------+
[[0;32m  OK  [0m] Started Initial cloud-init job (metadata service crawler).
[[0;32m  OK  [0m] Reached target Network is Online.
         Starting Availability of block devices...
[[0;32m  OK  [0m] Reached target Remote File Systems (Pre).
[[0;32m  OK  [0m] Reached target Remote File Systems.
[[0;32m  OK  [0m] Reached target System Initialization.
[[0;32m  OK  [0m] Listening on cloud-init hotplug hook socket.
[[0;32m  OK  [0m] Listening on UUID daemon activation socket.
[[0;32m  OK  [0m] Started Trigger to poll for Ubuntu …(Only enabled on GCP LTS non-pro).
[[0;32m  OK  [0m] Listening on D-Bus System Message Bus Socket.
[[0;32m  OK  [0m] Started ACPI Events Check.
[[0;32m  OK  [0m] Started Message of the Day.
[[0;32m  OK  [0m] Started Daily Cleanup of Temporary Directories.
[[0;32m  OK  [0m] Started Discard unused blocks once a week.
[[0;32m  OK  [0m] Listening on Open-iSCSI iscsid Socket.
         Starting Socket activation for snappy daemon.
[[0;32m  OK  [0m] Listening on ACPID Listen Socket.
         Starting Docker Socket for the API.
[[0;32m  OK  [0m] Started Daily apt download activities.
[[0;32m  OK  [0m] Started Daily apt upgrade and clean activities.
[[0;32m  OK  [0m] Started Ubuntu Advantage Timer for running repeated jobs.
[[0;32m  OK  [0m] Reached target Timers.
         Starting LXD - unix socket.
[[0;32m  OK  [0m] Reached target Paths.
[[0;32m  OK  [0m] Reached target Cloud-config availability.
[[0;32m  OK  [0m] Started Availability of block devices.
[[0;32m  OK  [0m] Listening on Socket activation for snappy daemon.
[[0;32m  OK  [0m] Listening on Docker Socket for the API.
[[0;32m  OK  [0m] Listening on LXD - unix socket.
[[0;32m  OK  [0m] Reached target Sockets.
[[0;32m  OK  [0m] Reached target Basic System.
         Starting containerd container runtime...
         Starting LXD - container startup/shutdown...
         Starting Login Service...
[[0;32m  OK  [0m] Started irqbalance daemon.
         Starting Accounts Service...
         Starting LSB: Start Jenkins at boot time...
[[0;32m  OK  [0m] Started Regular background program processing daemon.
         Starting Virtualbox guest utils...
         Starting Dispatcher daemon for systemd-networkd...
[[0;32m  OK  [0m] Started FUSE filesystem for LXC.
         Starting System Logging Service...
         Starting LSB: automatic crash report generation...
         Starting Permit User Sessions...
         Starting OpenBSD Secure Shell server...
         Starting LSB: Linux init script for swapspace...
[[0;32m  OK  [0m] Started D-Bus System Message Bus.
[[0;32m  OK  [0m] Started Login Service.
[[0;32m  OK  [0m] Started Unattended Upgrades Shutdown.
[[0;32m  OK  [0m] Started Deferred execution scheduler.
         Starting Snap Daemon...
         Starting LSB: Record successful boot for GRUB...
         Starting MySQL Community Server...
[[0;32m  OK  [0m] Started Permit User Sessions.
         Starting Terminate Plymouth Boot Screen...
         Starting Hold until boot process finishes up...
[[0;32m  OK  [0m] Started Hold until boot process finishes up.
         Starting Set console scheme...
[[0;32m  OK  [0m] Started Serial Getty on ttyS0.
[[0;32m  OK  [0m] Started System Logging Service.
[[0;32m  OK  [0m] Started Terminate Plymouth Boot Screen.
[[0;32m  OK  [0m] Started Set console scheme.
[[0;32m  OK  [0m] Created slice system-getty.slice.
[[0;32m  OK  [0m] Started Getty on tty1.
[[0;32m  OK  [0m] Reached target Login Prompts.
[[0;32m  OK  [0m] Started LSB: automatic crash report generation.
         Starting Authorization Manager...
[[0;32m  OK  [0m] Started Virtualbox guest utils.
[[0;32m  OK  [0m] Started OpenBSD Secure Shell server.
[[0;32m  OK  [0m] Started LSB: Record successful boot for GRUB.
[[0;32m  OK  [0m] Started Dispatcher daemon for systemd-networkd.
[[0;32m  OK  [0m] Started Authorization Manager.
[[0;32m  OK  [0m] Started Accounts Service.

Ubuntu 18.04.6 LTS ubuntu-bionic ttyS0

ubuntu-bionic login: [   49.838285] cloud-init[1439]: Cloud-init v. 21.4-0ubuntu1~18.04.1 running 'modules:config' at Fri, 04 Mar 2022 22:51:27 +0000. Up 48.90 seconds.
[   86.020859] cloud-init[2592]: Cloud-init v. 21.4-0ubuntu1~18.04.1 running 'modules:final' at Fri, 04 Mar 2022 22:52:04 +0000. Up 85.73 seconds.
[   86.021039] cloud-init[2592]: Cloud-init v. 21.4-0ubuntu1~18.04.1 finished at Fri, 04 Mar 2022 22:52:04 +0000. Datasource DataSourceNoCloud [seed=/dev/sdb][dsmode=net].  Up 86.01 seconds
         Stopping User Manager for UID 1000...
         Stopping Session c1 of user jenkins.
[[0;32m  OK  [0m] Stopped target Cloud-init target.
[[0;32m  OK  [0m] Stopped target Host and Network Name Lookups.
         Stopping Session 71 of user vagrant.
         Unmounting /configs...
         Unmounting /vagrant...
         Stopping Authorization Manager...
[[0;32m  OK  [0m] Stopped target Graphical Interface.
         Stopping Availability of block devices...
[[0;32m  OK  [0m] Stopped target Timers.
[[0;32m  OK  [0m] Stopped Ubuntu Advantage Timer for running repeated jobs.
[[0;32m  OK  [0m] Stopped Message of the Day.
[[0;32m  OK  [0m] Stopped Daily apt upgrade and clean activities.
[[0;32m  OK  [0m] Stopped Daily apt download activities.
[[0;32m  OK  [0m] Stopped Discard unused blocks once a week.
[[0;32m  OK  [0m] Stopped target System Time Synchronized.
         Stopping User Manager for UID 112...
         Stopping Accounts Service...
[[0;32m  OK  [0m] Closed Load/Save RF Kill Switch Status /dev/rfkill Watch.
[[0;32m  OK  [0m] Stopped Execute cloud user/final scripts.
[[0;32m  OK  [0m] Stopped target Multi-User System.
         Stopping LSB: Linux init script for swapspace...
         Stopping System Logging Service...
         Stopping Dispatcher daemon for systemd-networkd...
         Stopping D-Bus System Message Bus...
         Stopping OpenBSD Secure Shell server...
         Stopping Regular background program processing daemon...
         Stopping Docker Application Container Engine...
         Stopping MySQL Community Server...
         Stopping Deferred execution scheduler...
[[0;32m  OK  [0m] Stopped target Login Prompts.
         Stopping Serial Getty on ttyS0...
         Stopping Getty on tty1...
         Stopping LSB: Record successful boot for GRUB...
         Stopping LSB: Start Jenkins at boot time...
         Stopping FUSE filesystem for LXC...
         Stopping LSB: automatic crash report generation...
         Stopping irqbalance daemon...
[[0;32m  OK  [0m] Stopped Apply the settings specified in cloud-config.
[[0;32m  OK  [0m] Stopped target Cloud-config availability.
[[0;32m  OK  [0m] Stopped Wait until snapd is fully seeded.
         Stopping Virtualbox guest utils...
[[0;32m  OK  [0m] Stopped Daily Cleanup of Temporary Directories.
         Stopping LXD - container startup/shutdown...
[[0;32m  OK  [0m] Stopped Regular background program processing daemon.
[[0;32m  OK  [0m] Stopped Dispatcher daemon for systemd-networkd.
[[0;32m  OK  [0m] Stopped Serial Getty on ttyS0.
[[0;32m  OK  [0m] Stopped Getty on tty1.
[[0;32m  OK  [0m] Stopped Authorization Manager.
[[0;32m  OK  [0m] Stopped User Manager for UID 1000.
[[0;32m  OK  [0m] Stopped Session 71 of user vagrant.
[[0;32m  OK  [0m] Removed slice User Slice of vagrant.
[[0;32m  OK  [0m] Removed slice system-getty.slice.
[[0;32m  OK  [0m] Removed slice system-serial\x2dgetty.slice.
[[0;32m  OK  [0m] Unmounted /run/user/1000.
[[0;32m  OK  [0m] Unmounted /configs.
[[0;32m  OK  [0m] Unmounted /vagrant.
[[0;32m  OK  [0m] Unmounted /var/lib/lxcfs.
[[0;32m  OK  [0m] Stopped LXD - container startup/shutdown.
[[0;32m  OK  [0m] Stopped D-Bus System Message Bus.
[[0;32m  OK  [0m] Stopped User Manager for UID 112.
[[0;32m  OK  [0m] Stopped Availability of block devices.
[[0;32m  OK  [0m] Stopped Deferred execution scheduler.
[[0;32m  OK  [0m] Stopped FUSE filesystem for LXC.
[[0;32m  OK  [0m] Stopped Accounts Service.
[[0;32m  OK  [0m] Stopped LSB: Record successful boot for GRUB.
[[0;32m  OK  [0m] Stopped LSB: Linux init script for swapspace.
[[0;32m  OK  [0m] Stopped LSB: automatic crash report generation.
[[0;32m  OK  [0m] Stopped irqbalance daemon.
[[0;32m  OK  [0m] Stopped System Logging Service.
[[0;32m  OK  [0m] Stopped Virtualbox guest utils.
[[0;32m  OK  [0m] Stopped OpenBSD Secure Shell server.
[[0;32m  OK  [0m] Stopped Session c1 of user jenkins.
[[0;32m  OK  [0m] Removed slice User Slice of jenkins.
         Stopping Login Service...
         Stopping Permit User Sessions...
[[0;32m  OK  [0m] Stopped Login Service.
[[0;32m  OK  [0m] Stopped Permit User Sessions.
[[0;32m  OK  [0m] Stopped target User and Group Name Lookups.
[[0;32m  OK  [0m] Unmounted /run/docker/netns/e5986ca922b9.
[[0;32m  OK  [0m] Unmounted /var/lib/docker/overlay2/…c7688ce335e01e2a81a591df51/merged.
[[0;32m  OK  [0m] Stopped LSB: Start Jenkins at boot time.
[[0;32m  OK  [0m] Stopped target Remote File Systems.
[[0;32m  OK  [0m] Stopped target Remote File Systems (Pre).
[[0;32m  OK  [0m] Unmounted /run/docker/netns/39766114acac.
[[0;32m  OK  [0m] Unmounted /var/lib/docker/overlay2/…5136ddd06582adc9160ba3ac6b/merged.
[[0;32m  OK  [0m] Stopped Docker Application Container Engine.
[[0;32m  OK  [0m] Stopped target Network is Online.
         Stopping containerd container runtime...
[[0;32m  OK  [0m] Stopped containerd container runtime.
[[0;32m  OK  [0m] Stopped MySQL Community Server.
[[0;32m  OK  [0m] Stopped target Basic System.
[[0;32m  OK  [0m] Stopped target Sockets.
[[0;32m  OK  [0m] Closed LXD - unix socket.
[[0;32m  OK  [0m] Closed D-Bus System Message Bus Socket.
[[0;32m  OK  [0m] Closed Socket activation for snappy daemon.
[[0;32m  OK  [0m] Closed Open-iSCSI iscsid Socket.
[[0;32m  OK  [0m] Closed Docker Socket for the API.
[[0;32m  OK  [0m] Closed cloud-init hotplug hook socket.
[[0;32m  OK  [0m] Closed ACPID Listen Socket.
[[0;32m  OK  [0m] Closed UUID daemon activation socket.
[[0;32m  OK  [0m] Closed Syslog Socket.
[[0;32m  OK  [0m] Stopped target Paths.
[[0;32m  OK  [0m] Stopped ACPI Events Check.
[[0;32m  OK  [0m] Stopped Trigger to poll for Ubuntu …(Only enabled on GCP LTS non-pro).
[[0;32m  OK  [0m] Stopped target Slices.
[[0;32m  OK  [0m] Removed slice User and Session Slice.
[[0;32m  OK  [0m] Stopped target System Initialization.
[[0;32m  OK  [0m] Stopped target Local Encrypted Volumes.
[[0;32m  OK  [0m] Stopped Dispatch Password Requests to Console Directory Watch.
[[0;32m  OK  [0m] Stopped Forward Password Requests to Wall Directory Watch.
         Stopping Load/Save Random Seed...
[[0;32m  OK  [0m] Stopped Initial cloud-init job (metadata service crawler).
         Stopping Update UTMP about System Boot/Shutdown...
[[0;32m  OK  [0m] Stopped target Network.
         Stopping Network Name Resolution...
[[0;32m  OK  [0m] Stopped Load/Save Random Seed.
[[0;32m  OK  [0m] Stopped Update UTMP about System Boot/Shutdown.
[[0;32m  OK  [0m] Stopped Network Name Resolution.
         Stopping Network Service...
[[0;32m  OK  [0m] Stopped Create Volatile Files and Directories.
[[0;32m  OK  [0m] Stopped target Local File Systems.
         Unmounting /run/user/112...
[[0;32m  OK  [0m] Unmounted /run/user/112.
[[0;32m  OK  [0m] Stopped target Swap.
         Deactivating swap /var/lib/swapspace/2...
         Deactivating swap /var/lib/swapspace/1...
[[0;32m  OK  [0m] Stopped target Local File Systems (Pre).
         Stopping Monitoring of LVM2 mirrors…ng dmeventd or progress polling...
[[0;32m  OK  [0m] Stopped Create Static Device Nodes in /dev.
[[0;32m  OK  [0m] Stopped Network Service.
[[0;32m  OK  [0m] Stopped target Network (Pre).
[[0;32m  OK  [0m] Stopped Initial cloud-init job (pre-networking).
[[0;32m  OK  [0m] Stopped Remount Root and Kernel File Systems.
[[0;32m  OK  [0m] Stopped Apply Kernel Variables.
[[0;32m  OK  [0m] Stopped Load Kernel Modules.
[[0;32m  OK  [0m] Reached target Shutdown.
[[0;32m  OK  [0m] Stopped Monitoring of LVM2 mirrors,…sing dmeventd or progress polling.
         Stopping LVM2 metadata daemon...
[[0;32m  OK  [0m] Stopped LVM2 metadata daemon.
[[0;32m  OK  [0m] Deactivated swap /var/lib/swapspace/2.
[[0;32m  OK  [0m] Deactivated swap /var/lib/swapspace/1.
[[0;32m  OK  [0m] Reached target Unmount All Filesystems.
[[0;32m  OK  [0m] Reached target Final Step.
         Starting Power-Off...
[198601.805256] reboot: Power down
